0 info it worked if it ends with ok
1 verbose cli [ '/usr/bin/node', '/usr/bin/npm', 'start' ]
2 info using npm@3.5.2
3 info using node@v8.10.0
4 verbose run-script [ 'prestart', 'start', 'poststart' ]
5 info lifecycle blog-starter@0.0.1~prestart: blog-starter@0.0.1
6 silly lifecycle blog-starter@0.0.1~prestart: no script for prestart, continuing
7 info lifecycle blog-starter@0.0.1~start: blog-starter@0.0.1
8 verbose lifecycle blog-starter@0.0.1~start: unsafe-perm in lifecycle true
9 verbose lifecycle blog-starter@0.0.1~start: PATH: /usr/share/npm/bin/node-gyp-bin:/mnt/c/Users/Alfie/Documents/Projects/BFL/website/node_modules/.bin:/home/alfie/.deno/bin:/home/linuxbrew/.linuxbrew/Homebrew/Library/Homebrew/vendor/portable-ruby/current/bin:/home/alfie/.cargo/bin:/usr/local/sbin:/usr/local/bin:/usr/sbin:/usr/bin:/sbin:/bin:/usr/games:/usr/local/games:/mnt/c/Program Files (x86)/NVIDIA Corporation/PhysX/Common:/mnt/c/Program Files (x86)/Common Files/Oracle/Java/javapath:/mnt/c/Program Files (x86)/Common Files/Intel/Shared Libraries/redist/intel64/compiler:/mnt/c/WINDOWS/system32:/mnt/c/WINDOWS:/mnt/c/WINDOWS/System32/Wbem:/mnt/c/WINDOWS/System32/WindowsPowerShell/v1.0/:/mnt/c/WINDOWS/System32/OpenSSH/:/mnt/c/Program Files/Git/cmd:/mnt/c/Program Files/nodejs/:/mnt/c/ProgramData/chocolatey/bin:/mnt/c/Program Files/dotnet/:/mnt/c/Program Files (x86)/Yarn/bin/:/mnt/c/MinGW/bin:/mnt/c/Users/Alfie/Documents/Projects/Code/vcpkg:/mnt/c/Program Files/Docker/Docker/resources/bin:/mnt/c/ProgramData/DockerDesktop/version-bin:/mnt/c/FFMPEG/bin:/mnt/c/Users/Alfie/.windows-build-tools/python27/:/mnt/c/Users/Alfie/AppData/Local/Programs/Python/Python38/Scripts/:/mnt/c/Users/Alfie/AppData/Local/Programs/Python/Python38/:/mnt/c/Users/Alfie/.windows-build-tools/python27/:/mnt/c/Users/Alfie/AppData/Local/Programs/Python/Python37/Scripts/:/mnt/c/Users/Alfie/AppData/Local/Programs/Python/Python37/:/mnt/c/Users/Alfie/AppData/Local/Microsoft/WindowsApps:/mnt/c/Users/Alfie/AppData/Local/Programs/Microsoft VS Code/bin:/mnt/c/Program Files/heroku/bin:/mnt/c/Program Files/JetBrains/PyCharm Community Edition 2019.2.3/bin:/mnt/c/Users/Alfie/AppData/Roaming/npm:/mnt/c/Users/Alfie/AppData/Local/Yarn/bin:/mnt/c/Program Files (x86)/Microsoft Visual Studio/2019/Community/Common7/Tools:/mnt/c/Program Files (x86)/Microsoft Visual Studio/2019/Community/VC/Tools/MSVC/14.25.28610/bin:/mnt/c/Program Files (x86)/Microsoft Visual Studio/2019/Community/VC/Tools/MSVC/14.25.28610/bin/cl.exe:/mnt/c/Users/Alfie/AppData/Local/Programs/Microsoft VS Code Insiders/bin:/mnt/c/Users/Alfie/AppData/Local/Programs/Microsoft Code OSS/bin
10 verbose lifecycle blog-starter@0.0.1~start: CWD: /mnt/c/Users/Alfie/Documents/Projects/BFL/website
11 silly lifecycle blog-starter@0.0.1~start: Args: [ '-c', 'webpack-dev-server' ]
12 silly lifecycle blog-starter@0.0.1~start: Returned: code: 1  signal: null
13 info lifecycle blog-starter@0.0.1~start: Failed to exec start script
14 verbose stack Error: blog-starter@0.0.1 start: `webpack-dev-server`
14 verbose stack Exit status 1
14 verbose stack     at EventEmitter.<anonymous> (/usr/share/npm/lib/utils/lifecycle.js:232:16)
14 verbose stack     at emitTwo (events.js:126:13)
14 verbose stack     at EventEmitter.emit (events.js:214:7)
14 verbose stack     at ChildProcess.<anonymous> (/usr/share/npm/lib/utils/spawn.js:24:14)
14 verbose stack     at emitTwo (events.js:126:13)
14 verbose stack     at ChildProcess.emit (events.js:214:7)
14 verbose stack     at maybeClose (internal/child_process.js:925:16)
14 verbose stack     at Process.ChildProcess._handle.onexit (internal/child_process.js:209:5)
15 verbose pkgid blog-starter@0.0.1
16 verbose cwd /mnt/c/Users/Alfie/Documents/Projects/BFL/website
17 error Linux 4.4.0-18362-Microsoft
18 error argv "/usr/bin/node" "/usr/bin/npm" "start"
19 error node v8.10.0
20 error npm  v3.5.2
21 error code ELIFECYCLE
22 error blog-starter@0.0.1 start: `webpack-dev-server`
22 error Exit status 1
23 error Failed at the blog-starter@0.0.1 start script 'webpack-dev-server'.
23 error Make sure you have the latest version of node.js and npm installed.
23 error If you do, this is most likely a problem with the blog-starter package,
23 error not with npm itself.
23 error Tell the author that this fails on your system:
23 error     webpack-dev-server
23 error You can get information on how to open an issue for this project with:
23 error     npm bugs blog-starter
23 error Or if that isn't available, you can get their info via:
23 error     npm owner ls blog-starter
23 error There is likely additional logging output above.
24 verbose exit [ 1, true ]
